<?xml version="1.0" encoding="UTF-8"?>
<testsuite xmlns:xsi="http://www.w3.org/2001/XMLSchema-instance" xsi:noNamespaceSchemaLocation="https://maven.apache.org/surefire/maven-surefire-plugin/xsd/surefire-test-report-3.0.xsd" version="3.0" name="test.AccountTest" time="0.097" tests="5" errors="0" skipped="0" failures="0">
  <properties>
[...]
</properties>
  <testcase name="testWithdrawDecrease" classname="test.AccountTest" time="0.067"/>
  <testcase name="testNegativeOperationsException" classname="test.AccountTest" time="0.002"/>
  <testcase name="testDepositIncrease" classname="test.AccountTest" time="0.001"/>
  <testcase name="testInsufficientFundsException" classname="test.AccountTest" time="0.001"/>
  <testcase name="testPayLoanInstallmentLogic" classname="test.AccountTest" time="0.008"/>
</testsuite>